Using pre-set license
Built from '2020.3/staging' branch; Version is '2020.3.47f1 (5ef4f5b5e2d4) revision 6223093'; Using compiler version '192528614'; Build Type 'Release'
OS: 'Windows 11  (10.0.22621) 64bit CoreSingleLanguage' Language: 'es' Physical Memory: 7579 MB
BatchMode: 1, IsHumanControllingUs: 0, StartBugReporterOnCrash: 0, Is64bit: 1, IsPro: 0

COMMAND LINE ARGUMENTS:
C:\Program Files\Unity 2020.3.47f1\Editor\Unity.exe
-adb2
-batchMode
-noUpm
-name
AssetImportWorker0
-projectPath
C:/Users/franc/OneDrive/Documentos/Tombstein
-logFile
Logs/AssetImportWorker0.log
-srvPort
54579
Successfully changed project path to: C:/Users/franc/OneDrive/Documentos/Tombstein
C:/Users/franc/OneDrive/Documentos/Tombstein
Using Asset Import Pipeline V2.
Player connection [18204] Host "[IP] 192.168.100.47 [Port] 3221443040 [Flags] 2 [Guid] 2590772115 [EditorId] 2590772115 [Version] 1048832 [Id] WindowsEditor(7,LAPTOP-E94L0OGD) [Debug] 1 [PackageName] WindowsEditor [ProjectName] Editor" joined multi-casting on [225.0.0.222:54997]...

Player connection [18204] Host "[IP] 192.168.100.47 [Port] 3221443040 [Flags] 2 [Guid] 2590772115 [EditorId] 2590772115 [Version] 1048832 [Id] WindowsEditor(7,LAPTOP-E94L0OGD) [Debug] 1 [PackageName] WindowsEditor [ProjectName] Editor" joined alternative multi-casting on [225.0.0.222:34997]...

Refreshing native plugins compatible for Editor in 63.11 ms, found 2 plugins.
Preloading 0 native plugins for Editor in 0.00 ms.
Initialize engine version: 2020.3.47f1 (5ef4f5b5e2d4)
[Subsystems] Discovering subsystems at path C:/Program Files/Unity 2020.3.47f1/Editor/Data/Resources/UnitySubsystems
[Subsystems] Discovering subsystems at path C:/Users/franc/OneDrive/Documentos/Tombstein/Assets
GfxDevice: creating device client; threaded=0
Direct3D:
    Version:  Direct3D 11.0 [level 11.1]
    Renderer: AMD Radeon(TM) Graphics (ID=0x1638)
    Vendor:   
    VRAM:     3789 MB
    Driver:   30.0.13026.3
Initialize mono
Mono path[0] = 'C:/Program Files/Unity 2020.3.47f1/Editor/Data/Managed'
Mono path[1] = 'C:/Program Files/Unity 2020.3.47f1/Editor/Data/MonoBleedingEdge/lib/mono/unityjit'
Mono config path = 'C:/Program Files/Unity 2020.3.47f1/Editor/Data/MonoBleedingEdge/etc'
Using monoOptions --debugger-agent=transport=dt_socket,embedding=1,server=y,suspend=n,address=127.0.0.1:56184
Begin MonoManager ReloadAssembly
Registering precompiled unity dll's ...
Register platform support module: C:/Program Files/Unity 2020.3.47f1/Editor/Data/PlaybackEngines/WindowsStandaloneSupport/UnityEditor.WindowsStandalone.Extensions.dll
Registered in 0.002093 seconds.
Native extension for WindowsStandalone target not found
Refreshing native plugins compatible for Editor in 70.91 ms, found 2 plugins.
Preloading 0 native plugins for Editor in 0.00 ms.
Mono: successfully reloaded assembly
- Completed reload, in  0.943 seconds
Domain Reload Profiling:
	ReloadAssembly (943ms)
		BeginReloadAssembly (95ms)
			ExecutionOrderSort (0ms)
			DisableScriptedObjects (0ms)
			BackupInstance (0ms)
			ReleaseScriptingObjects (0ms)
			CreateAndSetChildDomain (1ms)
		EndReloadAssembly (733ms)
			LoadAssemblies (93ms)
			RebuildTransferFunctionScriptingTraits (0ms)
			SetupTypeCache (239ms)
			ReleaseScriptCaches (0ms)
			RebuildScriptCaches (44ms)
			SetupLoadedEditorAssemblies (287ms)
				LogAssemblyErrors (0ms)
				InitializePlatformSupportModulesInManaged (8ms)
				SetLoadedEditorAssemblies (0ms)
				RefreshPlugins (71ms)
				BeforeProcessingInitializeOnLoad (14ms)
				ProcessInitializeOnLoadAttributes (145ms)
				ProcessInitializeOnLoadMethodAttributes (48ms)
				AfterProcessingInitializeOnLoad (0ms)
				EditorAssembliesLoaded (0ms)
			ExecutionOrderSort2 (0ms)
			AwakeInstancesAfterBackupRestoration (0ms)
Platform modules already initialized, skipping
Registering precompiled user dll's ...
Registered in 0.004165 seconds.
Begin MonoManager ReloadAssembly
Native extension for WindowsStandalone target not found
Refreshing native plugins compatible for Editor in 0.63 ms, found 2 plugins.
Preloading 0 native plugins for Editor in 0.00 ms.
Mono: successfully reloaded assembly
- Completed reload, in  1.503 seconds
Domain Reload Profiling:
	ReloadAssembly (1505ms)
		BeginReloadAssembly (222ms)
			ExecutionOrderSort (0ms)
			DisableScriptedObjects (8ms)
			BackupInstance (0ms)
			ReleaseScriptingObjects (0ms)
			CreateAndSetChildDomain (30ms)
		EndReloadAssembly (1191ms)
			LoadAssemblies (141ms)
			RebuildTransferFunctionScriptingTraits (0ms)
			SetupTypeCache (411ms)
			ReleaseScriptCaches (1ms)
			RebuildScriptCaches (62ms)
			SetupLoadedEditorAssemblies (460ms)
				LogAssemblyErrors (0ms)
				InitializePlatformSupportModulesInManaged (7ms)
				SetLoadedEditorAssemblies (1ms)
				RefreshPlugins (1ms)
				BeforeProcessingInitializeOnLoad (86ms)
				ProcessInitializeOnLoadAttributes (342ms)
				ProcessInitializeOnLoadMethodAttributes (16ms)
				AfterProcessingInitializeOnLoad (7ms)
				EditorAssembliesLoaded (1ms)
			ExecutionOrderSort2 (0ms)
			AwakeInstancesAfterBackupRestoration (4ms)
Platform modules already initialized, skipping
========================================================================
Worker process is ready to serve import requests
Launched and connected shader compiler UnityShaderCompiler.exe after 0.08 seconds
Refreshing native plugins compatible for Editor in 0.77 ms, found 2 plugins.
Preloading 0 native plugins for Editor in 0.00 ms.
Unloading 1373 Unused Serialized files (Serialized files now loaded: 0)
System memory in use before: 152.4 MB.
System memory in use after: 152.4 MB.

Unloading 17 unused Assets to reduce memory usage. Loaded Objects now: 1830.
Total: 4.420700 ms (FindLiveObjects: 0.198800 ms CreateObjectMapping: 0.088100 ms MarkObjects: 3.998300 ms  DeleteObjects: 0.134200 ms)

AssetImportParameters requested are different than current active one (requested -> active):
  custom:framework-win-MediaFoundation: 216162199b28c13a410421893ffa2e32 -> 
  custom:video-decoder-ogg-theora: a1e56fd34408186e4bbccfd4996cb3dc -> 
  custom:container-muxer-webm: aa71ff27fc2769a1b78a27578f13a17b -> 
  custom:container-demuxer-webm: 4f35f7cbe854078d1ac9338744f61a02 -> 
  custom:container-demuxer-ogg: 62fdf1f143b41e24485cea50d1cbac27 -> 
  custom:video-encoder-webm-vp8: eb34c28f22e8b96e1ab97ce403110664 -> 
  custom:video-decoder-webm-vp8: 9c59270c3fd7afecdb556c50c9e8de78 -> 
  custom:audio-decoder-ogg-vorbis: bf7c407c2cedff20999df2af8eb42d56 -> 
  custom:audio-encoder-webm-vorbis: bf7c407c2cedff20999df2af8eb42d56 -> 
========================================================================
Received Import Request.
  path: Assets/Resources/Prefabs/Egipto/Layouts/Salas/Enemigos Moderados 10x10.prefab
  artifactKey: Guid(6394ab31b69f6b44a9a2824514859c39) Importer(815301076,1909f56bfc062723c751e8b465ee728b)
Start importing Assets/Resources/Prefabs/Egipto/Layouts/Salas/Enemigos Moderados 10x10.prefab using Guid(6394ab31b69f6b44a9a2824514859c39) Importer(815301076,1909f56bfc062723c751e8b465ee728b)  -> (artifact id: '7fc997edbc39a43db8dd6aed7a63248d') in 0.522973 seconds 
========================================================================
Received Import Request.
  Time since last request: 0.000584 seconds.
  path: Assets/Resources/Prefabs/Egipto/Layouts/Salas/Enemigos Debiles 12x12.prefab
  artifactKey: Guid(c502439a59d59a74eac46a678a25b69d) Importer(815301076,1909f56bfc062723c751e8b465ee728b)
Start importing Assets/Resources/Prefabs/Egipto/Layouts/Salas/Enemigos Debiles 12x12.prefab using Guid(c502439a59d59a74eac46a678a25b69d) Importer(815301076,1909f56bfc062723c751e8b465ee728b)  -> (artifact id: 'b297769ca0c0d7c5608c33b4b56fc85c') in 0.328038 seconds 
========================================================================
Received Import Request.
  Time since last request: 0.000329 seconds.
  path: Assets/Resources/Prefabs/Egipto/Layouts/Salas/Npc 1 5x5.prefab
  artifactKey: Guid(cbf2ae0b6b962b947875d6531f0c8c29) Importer(815301076,1909f56bfc062723c751e8b465ee728b)
Start importing Assets/Resources/Prefabs/Egipto/Layouts/Salas/Npc 1 5x5.prefab using Guid(cbf2ae0b6b962b947875d6531f0c8c29) Importer(815301076,1909f56bfc062723c751e8b465ee728b)  -> (artifact id: 'd7abcc02a14bc6f2c06e3320ccb2a15a') in 0.062694 seconds 
========================================================================
Received Import Request.
  Time since last request: 0.000306 seconds.
  path: Assets/Resources/Prefabs/Egipto/Layouts/Salas/Enemigos MuchosDebiles 7.5x7.5.prefab
  artifactKey: Guid(c4e4ee8ea99a9b243a9fcd8b7841b05a) Importer(815301076,1909f56bfc062723c751e8b465ee728b)
Start importing Assets/Resources/Prefabs/Egipto/Layouts/Salas/Enemigos MuchosDebiles 7.5x7.5.prefab using Guid(c4e4ee8ea99a9b243a9fcd8b7841b05a) Importer(815301076,1909f56bfc062723c751e8b465ee728b)  -> (artifact id: '8eb25d6434d6abb091b9dc03994004f5') in 0.148726 seconds 
========================================================================
Received Import Request.
  Time since last request: 0.000320 seconds.
  path: Assets/Resources/Prefabs/Egipto/Layouts/Salas/Enemigos Fuertes 7.5x7.5.prefab
  artifactKey: Guid(e522b16026c90254ca24854246fbe7f9) Importer(815301076,1909f56bfc062723c751e8b465ee728b)
Start importing Assets/Resources/Prefabs/Egipto/Layouts/Salas/Enemigos Fuertes 7.5x7.5.prefab using Guid(e522b16026c90254ca24854246fbe7f9) Importer(815301076,1909f56bfc062723c751e8b465ee728b)  -> (artifact id: 'ad8972602bd4855dba5a9b77f039a99b') in 0.134105 seconds 
========================================================================
Received Import Request.
  Time since last request: 0.000321 seconds.
  path: Assets/Resources/Prefabs/Egipto/Layouts/Salas/Enemigos Fuertes2 5x5.prefab
  artifactKey: Guid(b18c61bf915a66d45ae07da508d7ea14) Importer(815301076,1909f56bfc062723c751e8b465ee728b)
Start importing Assets/Resources/Prefabs/Egipto/Layouts/Salas/Enemigos Fuertes2 5x5.prefab using Guid(b18c61bf915a66d45ae07da508d7ea14) Importer(815301076,1909f56bfc062723c751e8b465ee728b)  -> (artifact id: 'bca8d8213f427c61911f3f4411bbb481') in 0.432598 seconds 
========================================================================
Received Import Request.
  Time since last request: 0.000351 seconds.
  path: Assets/Resources/Prefabs/Egipto/Layouts/Salas/Enemigos Fuertes2 7.5x7.5.prefab
  artifactKey: Guid(0f4dcce1e1151fd49ace1ec6e8a2662f) Importer(815301076,1909f56bfc062723c751e8b465ee728b)
Start importing Assets/Resources/Prefabs/Egipto/Layouts/Salas/Enemigos Fuertes2 7.5x7.5.prefab using Guid(0f4dcce1e1151fd49ace1ec6e8a2662f) Importer(815301076,1909f56bfc062723c751e8b465ee728b)  -> (artifact id: '92a2ff3f78b1f1ec74b8d4a4635b5487') in 0.124621 seconds 
========================================================================
Received Import Request.
  Time since last request: 0.000320 seconds.
  path: Assets/Resources/Prefabs/Egipto/Layouts/Salas/Enemigos Debiles 7.5x7.5.prefab
  artifactKey: Guid(cb8c1c5f305fa7e4aa15568e0dbb6f51) Importer(815301076,1909f56bfc062723c751e8b465ee728b)
Start importing Assets/Resources/Prefabs/Egipto/Layouts/Salas/Enemigos Debiles 7.5x7.5.prefab using Guid(cb8c1c5f305fa7e4aa15568e0dbb6f51) Importer(815301076,1909f56bfc062723c751e8b465ee728b)  -> (artifact id: '18011a9f7328709a40e318771004bd70') in 0.126360 seconds 
========================================================================
Received Import Request.
  Time since last request: 0.000348 seconds.
  path: Assets/Resources/Prefabs/Egipto/Layouts/Salas/Minijefe 1 10x10.prefab
  artifactKey: Guid(a8e79d73229ddc74ca584d12fe8095ae) Importer(815301076,1909f56bfc062723c751e8b465ee728b)
Start importing Assets/Resources/Prefabs/Egipto/Layouts/Salas/Minijefe 1 10x10.prefab using Guid(a8e79d73229ddc74ca584d12fe8095ae) Importer(815301076,1909f56bfc062723c751e8b465ee728b)  -> (artifact id: '7aa04c706673786d44a4f7e01f65d349') in 0.093349 seconds 
========================================================================
Received Import Request.
  Time since last request: 0.000327 seconds.
  path: Assets/Resources/Prefabs/Egipto/Layouts/Salas/Spawn Completo 5x5.prefab
  artifactKey: Guid(dbd856371b5759d458464c7cf699cbae) Importer(815301076,1909f56bfc062723c751e8b465ee728b)
Start importing Assets/Resources/Prefabs/Egipto/Layouts/Salas/Spawn Completo 5x5.prefab using Guid(dbd856371b5759d458464c7cf699cbae) Importer(815301076,1909f56bfc062723c751e8b465ee728b)  -> (artifact id: 'be11b25dfabfa00898f36fb0f8413c75') in 0.101578 seconds 
========================================================================
Received Import Request.
  Time since last request: 0.000360 seconds.
  path: Assets/Resources/Prefabs/Egipto/Layouts/Salas/Enemigos MuchosDebiles 10x10.prefab
  artifactKey: Guid(2bf85dc826f1e9641a8cc60eb9190919) Importer(815301076,1909f56bfc062723c751e8b465ee728b)
Start importing Assets/Resources/Prefabs/Egipto/Layouts/Salas/Enemigos MuchosDebiles 10x10.prefab using Guid(2bf85dc826f1e9641a8cc60eb9190919) Importer(815301076,1909f56bfc062723c751e8b465ee728b)  -> (artifact id: '4f885c1eb7c2ad359ff818b4b1706927') in 0.146985 seconds 
========================================================================
Received Import Request.
  Time since last request: 0.000331 seconds.
  path: Assets/Resources/Prefabs/Egipto/Layouts/Salas/Enemigos Fuertes 5x5.prefab
  artifactKey: Guid(b0f672cad2bd3424da514a5122316e80) Importer(815301076,1909f56bfc062723c751e8b465ee728b)
Start importing Assets/Resources/Prefabs/Egipto/Layouts/Salas/Enemigos Fuertes 5x5.prefab using Guid(b0f672cad2bd3424da514a5122316e80) Importer(815301076,1909f56bfc062723c751e8b465ee728b)  -> (artifact id: '0979063a9102749b360735f1212a6da8') in 0.199204 seconds 
========================================================================
Received Import Request.
  Time since last request: 0.000287 seconds.
  path: Assets/Resources/Prefabs/Egipto/Layouts/Salas/Enemigos MuchosEnemigos 5x5.prefab
  artifactKey: Guid(588d3086a43bfd04ea894f05d4fecc2f) Importer(815301076,1909f56bfc062723c751e8b465ee728b)
Start importing Assets/Resources/Prefabs/Egipto/Layouts/Salas/Enemigos MuchosEnemigos 5x5.prefab using Guid(588d3086a43bfd04ea894f05d4fecc2f) Importer(815301076,1909f56bfc062723c751e8b465ee728b)  -> (artifact id: '2abfdb0bcc5cc6006935751caad6fa4e') in 0.151254 seconds 
========================================================================
Received Import Request.
  Time since last request: 0.000333 seconds.
  path: Assets/Resources/Prefabs/Egipto/Layouts/Salas/Enemigos Fuertes 10x10.prefab
  artifactKey: Guid(368b1f56fdb3844458c31a14696db4a2) Importer(815301076,1909f56bfc062723c751e8b465ee728b)
Start importing Assets/Resources/Prefabs/Egipto/Layouts/Salas/Enemigos Fuertes 10x10.prefab using Guid(368b1f56fdb3844458c31a14696db4a2) Importer(815301076,1909f56bfc062723c751e8b465ee728b)  -> (artifact id: '785b2fe8380b344688189cd9c8fd11bf') in 0.159069 seconds 
========================================================================
Received Import Request.
  Time since last request: 0.000454 seconds.
  path: Assets/Resources/Prefabs/Egipto/Layouts/Salas/Spawn Semivacio 5x5.prefab
  artifactKey: Guid(5953675a55f3d0f4d869d3fb5f7de82c) Importer(815301076,1909f56bfc062723c751e8b465ee728b)
Start importing Assets/Resources/Prefabs/Egipto/Layouts/Salas/Spawn Semivacio 5x5.prefab using Guid(5953675a55f3d0f4d869d3fb5f7de82c) Importer(815301076,1909f56bfc062723c751e8b465ee728b)  -> (artifact id: 'c3be8267b48bc55f2ee11f990ee3d2e1') in 0.082848 seconds 
========================================================================
Received Import Request.
  Time since last request: 0.000319 seconds.
  path: Assets/Resources/Prefabs/Egipto/Layouts/Salas/Enemigos Fuertes 12x12.prefab
  artifactKey: Guid(2da34b57df75c944f96afb42e143cf32) Importer(815301076,1909f56bfc062723c751e8b465ee728b)
Start importing Assets/Resources/Prefabs/Egipto/Layouts/Salas/Enemigos Fuertes 12x12.prefab using Guid(2da34b57df75c944f96afb42e143cf32) Importer(815301076,1909f56bfc062723c751e8b465ee728b)  -> (artifact id: '0f25d507f13b852fec828609b756fc18') in 0.146685 seconds 
========================================================================
Received Import Request.
  Time since last request: 0.000474 seconds.
  path: Assets/Resources/Prefabs/Egipto/Layouts/Salas/Spawn Vacio 5x5.prefab
  artifactKey: Guid(0c960ed777f1bf74a95ad6fc3c3e3e28) Importer(815301076,1909f56bfc062723c751e8b465ee728b)
Start importing Assets/Resources/Prefabs/Egipto/Layouts/Salas/Spawn Vacio 5x5.prefab using Guid(0c960ed777f1bf74a95ad6fc3c3e3e28) Importer(815301076,1909f56bfc062723c751e8b465ee728b)  -> (artifact id: '31ab1b3106f784bfe5050608bc771b88') in 0.048077 seconds 
========================================================================
Received Import Request.
  Time since last request: 0.000306 seconds.
  path: Assets/Resources/Prefabs/Egipto/Layouts/Salas/Minijefe 1 7.5x7.5.prefab
  artifactKey: Guid(fd06110884305dd419007075a0d4a02d) Importer(815301076,1909f56bfc062723c751e8b465ee728b)
Start importing Assets/Resources/Prefabs/Egipto/Layouts/Salas/Minijefe 1 7.5x7.5.prefab using Guid(fd06110884305dd419007075a0d4a02d) Importer(815301076,1909f56bfc062723c751e8b465ee728b)  -> (artifact id: '2967b6ab39adebb62c1b5503c662b3db') in 0.080642 seconds 
========================================================================
Received Import Request.
  Time since last request: 0.000339 seconds.
  path: Assets/Resources/Prefabs/Egipto/Layouts/Salas/Sala Descanso 1 5x5.prefab
  artifactKey: Guid(d7d0464fd3b401449b2caeb14a016a74) Importer(815301076,1909f56bfc062723c751e8b465ee728b)
Start importing Assets/Resources/Prefabs/Egipto/Layouts/Salas/Sala Descanso 1 5x5.prefab using Guid(d7d0464fd3b401449b2caeb14a016a74) Importer(815301076,1909f56bfc062723c751e8b465ee728b)  -> (artifact id: '7eb33cea8df42d286e285a57e1fbdc1a') in 0.046261 seconds 
========================================================================
Received Import Request.
  Time since last request: 0.000287 seconds.
  path: Assets/Resources/Prefabs/Egipto/Layouts/Salas/Enemigos Debiles2 5x5.prefab
  artifactKey: Guid(4a82a99c9ec95df479c512c526d23ba3) Importer(815301076,1909f56bfc062723c751e8b465ee728b)
Start importing Assets/Resources/Prefabs/Egipto/Layouts/Salas/Enemigos Debiles2 5x5.prefab using Guid(4a82a99c9ec95df479c512c526d23ba3) Importer(815301076,1909f56bfc062723c751e8b465ee728b)  -> (artifact id: 'b430b09b25b537d099f8d6a4884f74f7') in 0.139278 seconds 
========================================================================
Received Import Request.
  Time since last request: 0.000812 seconds.
  path: Assets/Resources/Prefabs/Egipto/Layouts/Salas/Enemigos Moderados 7.5x7.5.prefab
  artifactKey: Guid(761524aa8cc7cc14a84f9ac4940e3a4a) Importer(815301076,1909f56bfc062723c751e8b465ee728b)
Start importing Assets/Resources/Prefabs/Egipto/Layouts/Salas/Enemigos Moderados 7.5x7.5.prefab using Guid(761524aa8cc7cc14a84f9ac4940e3a4a) Importer(815301076,1909f56bfc062723c751e8b465ee728b)  -> (artifact id: '5248921176644400a0f32c5b5bc996de') in 0.124120 seconds 
========================================================================
Received Import Request.
  Time since last request: 0.000352 seconds.
  path: Assets/Resources/Prefabs/Egipto/Layouts/Salas/Enemigos Debiles 10x10.prefab
  artifactKey: Guid(db47323289326a543aba78a126751863) Importer(815301076,1909f56bfc062723c751e8b465ee728b)
Start importing Assets/Resources/Prefabs/Egipto/Layouts/Salas/Enemigos Debiles 10x10.prefab using Guid(db47323289326a543aba78a126751863) Importer(815301076,1909f56bfc062723c751e8b465ee728b)  -> (artifact id: '72e2edc83663e1058bd2c4fc32ad95dc') in 0.146078 seconds 
========================================================================
Received Import Request.
  Time since last request: 0.000339 seconds.
  path: Assets/Resources/Prefabs/Egipto/Layouts/Salas/Enemigos DistanciaModerados 12x12.prefab
  artifactKey: Guid(51bd410bb3452de4a97a08f4bb242123) Importer(815301076,1909f56bfc062723c751e8b465ee728b)
Start importing Assets/Resources/Prefabs/Egipto/Layouts/Salas/Enemigos DistanciaModerados 12x12.prefab using Guid(51bd410bb3452de4a97a08f4bb242123) Importer(815301076,1909f56bfc062723c751e8b465ee728b)  -> (artifact id: 'cdfb8d51f92ea0f195f1bec59fdfa41d') in 0.145887 seconds 
========================================================================
Received Import Request.
  Time since last request: 0.000333 seconds.
  path: Assets/Resources/Prefabs/Egipto/Layouts/Salas/Npc 1 7.5x7.5.prefab
  artifactKey: Guid(1759cf2a3c43faf428aeef8045bf7527) Importer(815301076,1909f56bfc062723c751e8b465ee728b)
Start importing Assets/Resources/Prefabs/Egipto/Layouts/Salas/Npc 1 7.5x7.5.prefab using Guid(1759cf2a3c43faf428aeef8045bf7527) Importer(815301076,1909f56bfc062723c751e8b465ee728b)  -> (artifact id: '207a3c0dfb56415faf0faba2a03e9dc5') in 0.055926 seconds 
========================================================================
Received Import Request.
  Time since last request: 0.000351 seconds.
  path: Assets/Resources/Prefabs/Egipto/Layouts/Salas/Jefe 12x12.prefab
  artifactKey: Guid(89094ce15c0324642a069444cb5011cb) Importer(815301076,1909f56bfc062723c751e8b465ee728b)
Start importing Assets/Resources/Prefabs/Egipto/Layouts/Salas/Jefe 12x12.prefab using Guid(89094ce15c0324642a069444cb5011cb) Importer(815301076,1909f56bfc062723c751e8b465ee728b)  -> (artifact id: '8136e3a52ae45e66b80fe066110a7933') in 0.148785 seconds 
========================================================================
Received Import Request.
  Time since last request: 0.000313 seconds.
  path: Assets/Resources/Prefabs/Egipto/Layouts/Salas/Enemigos DébilesRango 5x5.prefab
  artifactKey: Guid(d01ad3295f46e854f9f3379c9bc368c0) Importer(815301076,1909f56bfc062723c751e8b465ee728b)
Start importing Assets/Resources/Prefabs/Egipto/Layouts/Salas/Enemigos DébilesRango 5x5.prefab using Guid(d01ad3295f46e854f9f3379c9bc368c0) Importer(815301076,1909f56bfc062723c751e8b465ee728b)  -> (artifact id: 'ed2fa77cf3b6f4ef79d31484213b1737') in 0.216661 seconds 
========================================================================
Received Import Request.
  Time since last request: 0.000389 seconds.
  path: Assets/Resources/Prefabs/Egipto/Layouts/Salas/Enemigos Fuertes2 12x12.prefab
  artifactKey: Guid(5dddb99ba599943408f0c77443725c97) Importer(815301076,1909f56bfc062723c751e8b465ee728b)
Start importing Assets/Resources/Prefabs/Egipto/Layouts/Salas/Enemigos Fuertes2 12x12.prefab using Guid(5dddb99ba599943408f0c77443725c97) Importer(815301076,1909f56bfc062723c751e8b465ee728b)  -> (artifact id: 'd90d6c64a33a7a2dda693362f1786458') in 0.139565 seconds 
========================================================================
Received Import Request.
  Time since last request: 0.000352 seconds.
  path: Assets/Resources/Prefabs/Egipto/Layouts/Salas/Enemigos DebilesMuchos 12x12.prefab
  artifactKey: Guid(38427f4281ca14b48bdfc69070e1c773) Importer(815301076,1909f56bfc062723c751e8b465ee728b)
Start importing Assets/Resources/Prefabs/Egipto/Layouts/Salas/Enemigos DebilesMuchos 12x12.prefab using Guid(38427f4281ca14b48bdfc69070e1c773) Importer(815301076,1909f56bfc062723c751e8b465ee728b)  -> (artifact id: '88d30d058695bc5d833aa130229f56b8') in 0.135688 seconds 
========================================================================
Received Import Request.
  Time since last request: 8.589794 seconds.
  path: Assets/Resources/Prefabs/Egipto/LowPolyEnviroPack_LITE_builtIn/BeachArea_Set1/Prefabs/Rock_Medium_F.prefab
  artifactKey: Guid(4c65c362d8007bd49b543e018d6efe83) Importer(815301076,1909f56bfc062723c751e8b465ee728b)
Start importing Assets/Resources/Prefabs/Egipto/LowPolyEnviroPack_LITE_builtIn/BeachArea_Set1/Prefabs/Rock_Medium_F.prefab using Guid(4c65c362d8007bd49b543e018d6efe83) Importer(815301076,1909f56bfc062723c751e8b465ee728b)  -> (artifact id: '7f0fc01670fa6552f98bf57bc9908635') in 0.095282 seconds 
========================================================================
Received Import Request.
  Time since last request: 0.000334 seconds.
  path: Assets/Resources/Prefabs/Egipto/LowPolyEnviroPack_LITE_builtIn/BeachArea_Set1/Prefabs/Rock_Small_B.prefab
  artifactKey: Guid(5fddf1925bf916745a9dab05702faae0) Importer(815301076,1909f56bfc062723c751e8b465ee728b)
Start importing Assets/Resources/Prefabs/Egipto/LowPolyEnviroPack_LITE_builtIn/BeachArea_Set1/Prefabs/Rock_Small_B.prefab using Guid(5fddf1925bf916745a9dab05702faae0) Importer(815301076,1909f56bfc062723c751e8b465ee728b)  -> (artifact id: '6e895f02d076378a65a320d09107f20c') in 0.029536 seconds 
========================================================================
Received Import Request.
  Time since last request: 0.000378 seconds.
  path: Assets/Resources/Prefabs/Egipto/LowPolyEnviroPack_LITE_builtIn/BeachArea_Set1/Prefabs/Rock_Small_C.prefab
  artifactKey: Guid(73ea625b84bc5794fbdc765d4f9b248d) Importer(815301076,1909f56bfc062723c751e8b465ee728b)
Start importing Assets/Resources/Prefabs/Egipto/LowPolyEnviroPack_LITE_builtIn/BeachArea_Set1/Prefabs/Rock_Small_C.prefab using Guid(73ea625b84bc5794fbdc765d4f9b248d) Importer(815301076,1909f56bfc062723c751e8b465ee728b)  -> (artifact id: '0e21a5955dc5434d526f9d0cfe7207aa') in 0.033750 seconds 
========================================================================
Received Import Request.
  Time since last request: 0.000396 seconds.
  path: Assets/Resources/Prefabs/Egipto/LowPolyEnviroPack_LITE_builtIn/BeachArea_Set1/Prefabs/Sand_Plane_Medium_A.prefab
  artifactKey: Guid(8a60797ad2c984c4a857602e0cc49941) Importer(815301076,1909f56bfc062723c751e8b465ee728b)
Start importing Assets/Resources/Prefabs/Egipto/LowPolyEnviroPack_LITE_builtIn/BeachArea_Set1/Prefabs/Sand_Plane_Medium_A.prefab using Guid(8a60797ad2c984c4a857602e0cc49941) Importer(815301076,1909f56bfc062723c751e8b465ee728b)  -> (artifact id: 'cbf5e39fe2ee071df2830ced333c80a8') in 0.030947 seconds 
========================================================================
Received Import Request.
  Time since last request: 0.000290 seconds.
  path: Assets/Resources/Prefabs/Egipto/LowPolyEnviroPack_LITE_builtIn/BeachArea_Set1/Prefabs/Sand_Plane_Flat_A.prefab
  artifactKey: Guid(4d61159bb4b605141a93dde33f259e95) Importer(815301076,1909f56bfc062723c751e8b465ee728b)
Start importing Assets/Resources/Prefabs/Egipto/LowPolyEnviroPack_LITE_builtIn/BeachArea_Set1/Prefabs/Sand_Plane_Flat_A.prefab using Guid(4d61159bb4b605141a93dde33f259e95) Importer(815301076,1909f56bfc062723c751e8b465ee728b)  -> (artifact id: 'cf43b9821ca025a6f0f153ed6e8eb77d') in 0.034328 seconds 
========================================================================
Received Import Request.
  Time since last request: 0.000305 seconds.
  path: Assets/Resources/Prefabs/Egipto/LowPolyEnviroPack_LITE_builtIn/BeachArea_Set1/Prefabs/SandPlane_Large_Flat_Alt.prefab
  artifactKey: Guid(db50594edbceafe4ca6c4d3a1108ad95) Importer(815301076,1909f56bfc062723c751e8b465ee728b)
Start importing Assets/Resources/Prefabs/Egipto/LowPolyEnviroPack_LITE_builtIn/BeachArea_Set1/Prefabs/SandPlane_Large_Flat_Alt.prefab using Guid(db50594edbceafe4ca6c4d3a1108ad95) Importer(815301076,1909f56bfc062723c751e8b465ee728b)  -> (artifact id: 'c8c021cd8edcd99e468a6ecadc6a0f33') in 0.028484 seconds 
========================================================================
Received Import Request.
  Time since last request: 0.000276 seconds.
  path: Assets/Resources/Prefabs/Egipto/LowPolyEnviroPack_LITE_builtIn/BeachArea_Set1/Prefabs/Sand_Pile_B.prefab
  artifactKey: Guid(4912eb0a264f64e41822a54db1183293) Importer(815301076,1909f56bfc062723c751e8b465ee728b)
Start importing Assets/Resources/Prefabs/Egipto/LowPolyEnviroPack_LITE_builtIn/BeachArea_Set1/Prefabs/Sand_Pile_B.prefab using Guid(4912eb0a264f64e41822a54db1183293) Importer(815301076,1909f56bfc062723c751e8b465ee728b)  -> (artifact id: '6eb8d5a4686ed6e34ba67972804a8e06') in 0.030573 seconds 
========================================================================
Received Import Request.
  Time since last request: 0.000295 seconds.
  path: Assets/Resources/Prefabs/Egipto/LowPolyEnviroPack_LITE_builtIn/BeachArea_Set1/Prefabs/Sand_To_Grass_L-Corner.prefab
  artifactKey: Guid(9607d06dda13bc145ac26ad819e50c60) Importer(815301076,1909f56bfc062723c751e8b465ee728b)
Start importing Assets/Resources/Prefabs/Egipto/LowPolyEnviroPack_LITE_builtIn/BeachArea_Set1/Prefabs/Sand_To_Grass_L-Corner.prefab using Guid(9607d06dda13bc145ac26ad819e50c60) Importer(815301076,1909f56bfc062723c751e8b465ee728b)  -> (artifact id: '83950783934d7980429e0013cf9f0999') in 0.034870 seconds 
========================================================================
Received Import Request.
  Time since last request: 0.000336 seconds.
  path: Assets/Resources/Prefabs/Egipto/LowPolyEnviroPack_LITE_builtIn/BeachArea_Set1/Prefabs/Rock_Platform_Medium_GrassVariant.prefab
  artifactKey: Guid(098ae599500a3944392e1db2264b4f85) Importer(815301076,1909f56bfc062723c751e8b465ee728b)
Start importing Assets/Resources/Prefabs/Egipto/LowPolyEnviroPack_LITE_builtIn/BeachArea_Set1/Prefabs/Rock_Platform_Medium_GrassVariant.prefab using Guid(098ae599500a3944392e1db2264b4f85) Importer(815301076,1909f56bfc062723c751e8b465ee728b)  -> (artifact id: 'e717f20086297773881ac58c7b9dd823') in 0.030134 seconds 
========================================================================
Received Import Request.
  Time since last request: 0.000282 seconds.
  path: Assets/Resources/Prefabs/Egipto/LowPolyEnviroPack_LITE_builtIn/BeachArea_Set1/Prefabs/SandPlane_Large_CoastLine.prefab
  artifactKey: Guid(00b59ffdbc3d6e046b9a235e73ec17cc) Importer(815301076,1909f56bfc062723c751e8b465ee728b)
Start importing Assets/Resources/Prefabs/Egipto/LowPolyEnviroPack_LITE_builtIn/BeachArea_Set1/Prefabs/SandPlane_Large_CoastLine.prefab using Guid(00b59ffdbc3d6e046b9a235e73ec17cc) Importer(815301076,1909f56bfc062723c751e8b465ee728b)  -> (artifact id: '607f284fabd739231a01ff4718d64eb1') in 0.033504 seconds 
========================================================================
Received Import Request.
  Time since last request: 0.000301 seconds.
  path: Assets/Resources/Prefabs/Egipto/LowPolyEnviroPack_LITE_builtIn/BeachArea_Set1/Prefabs/Sand_Plane_Flat_B.prefab
  artifactKey: Guid(2e435be2e7b92ca4789c1622bcf19b16) Importer(815301076,1909f56bfc062723c751e8b465ee728b)
Start importing Assets/Resources/Prefabs/Egipto/LowPolyEnviroPack_LITE_builtIn/BeachArea_Set1/Prefabs/Sand_Plane_Flat_B.prefab using Guid(2e435be2e7b92ca4789c1622bcf19b16) Importer(815301076,1909f56bfc062723c751e8b465ee728b)  -> (artifact id: 'd2422e3c31586461bcf266a3e3b0da61') in 0.031872 seconds 
========================================================================
Received Import Request.
  Time since last request: 0.000426 seconds.
  path: Assets/Resources/Prefabs/Egipto/LowPolyEnviroPack_LITE_builtIn/BeachArea_Set1/Prefabs/Rock_Platform_Medium.prefab
  artifactKey: Guid(bdd4b75b55a289442b2ce61112fb11c7) Importer(815301076,1909f56bfc062723c751e8b465ee728b)
Start importing Assets/Resources/Prefabs/Egipto/LowPolyEnviroPack_LITE_builtIn/BeachArea_Set1/Prefabs/Rock_Platform_Medium.prefab using Guid(bdd4b75b55a289442b2ce61112fb11c7) Importer(815301076,1909f56bfc062723c751e8b465ee728b)  -> (artifact id: '4d2a6c5feded3acbff459db6db8ab368') in 0.034796 seconds 
========================================================================
Received Import Request.
  Time since last request: 0.000306 seconds.
  path: Assets/Resources/Prefabs/Egipto/LowPolyEnviroPack_LITE_builtIn/BeachArea_Set1/Prefabs/Sand_Pile_A.prefab
  artifactKey: Guid(7c5e400add54e9c40b4538062c703736) Importer(815301076,1909f56bfc062723c751e8b465ee728b)
Start importing Assets/Resources/Prefabs/Egipto/LowPolyEnviroPack_LITE_builtIn/BeachArea_Set1/Prefabs/Sand_Pile_A.prefab using Guid(7c5e400add54e9c40b4538062c703736) Importer(815301076,1909f56bfc062723c751e8b465ee728b)  -> (artifact id: '0546b1680cd24ebffae19142713c57ff') in 0.034247 seconds 
========================================================================
Received Import Request.
  Time since last request: 0.000262 seconds.
  path: Assets/Resources/Prefabs/Egipto/LowPolyEnviroPack_LITE_builtIn/BeachArea_Set1/Prefabs/Rock_Platform_Small.prefab
  artifactKey: Guid(71d23bf57c3e27c49b2b037909fd4954) Importer(815301076,1909f56bfc062723c751e8b465ee728b)
Start importing Assets/Resources/Prefabs/Egipto/LowPolyEnviroPack_LITE_builtIn/BeachArea_Set1/Prefabs/Rock_Platform_Small.prefab using Guid(71d23bf57c3e27c49b2b037909fd4954) Importer(815301076,1909f56bfc062723c751e8b465ee728b)  -> (artifact id: '0af47007bf957f05817bc69e5fb62ad0') in 0.033862 seconds 
========================================================================
Received Import Request.
  Time since last request: 0.000291 seconds.
  path: Assets/Resources/Prefabs/Egipto/LowPolyEnviroPack_LITE_builtIn/BeachArea_Set1/Prefabs/Sand_To_Grass_Edge.prefab
  artifactKey: Guid(f92988feda30747479e53ef100623c02) Importer(815301076,1909f56bfc062723c751e8b465ee728b)
Start importing Assets/Resources/Prefabs/Egipto/LowPolyEnviroPack_LITE_builtIn/BeachArea_Set1/Prefabs/Sand_To_Grass_Edge.prefab using Guid(f92988feda30747479e53ef100623c02) Importer(815301076,1909f56bfc062723c751e8b465ee728b)  -> (artifact id: '862bdc5bd1dad068ada7ab1d4d0196b6') in 0.035078 seconds 
========================================================================
Received Import Request.
  Time since last request: 0.000331 seconds.
  path: Assets/Resources/Prefabs/Egipto/LowPolyEnviroPack_LITE_builtIn/BeachArea_Set1/Prefabs/Sand_Pile_C.prefab
  artifactKey: Guid(162f6a6893c338d488d6d9016ad374ed) Importer(815301076,1909f56bfc062723c751e8b465ee728b)
Start importing Assets/Resources/Prefabs/Egipto/LowPolyEnviroPack_LITE_builtIn/BeachArea_Set1/Prefabs/Sand_Pile_C.prefab using Guid(162f6a6893c338d488d6d9016ad374ed) Importer(815301076,1909f56bfc062723c751e8b465ee728b)  -> (artifact id: '0912c8f68216f43deb63c59438cd4f3a') in 0.031318 seconds 
========================================================================
Received Import Request.
  Time since last request: 0.000350 seconds.
  path: Assets/Resources/Prefabs/Egipto/LowPolyEnviroPack_LITE_builtIn/BeachArea_Set1/Prefabs/Sand_Plane_Medium_B.prefab
  artifactKey: Guid(7621e9ad445ec36458b388a84c03b9ef) Importer(815301076,1909f56bfc062723c751e8b465ee728b)
Start importing Assets/Resources/Prefabs/Egipto/LowPolyEnviroPack_LITE_builtIn/BeachArea_Set1/Prefabs/Sand_Plane_Medium_B.prefab using Guid(7621e9ad445ec36458b388a84c03b9ef) Importer(815301076,1909f56bfc062723c751e8b465ee728b)  -> (artifact id: '7a7dc86c050993ef3ddde65e468b0184') in 0.038240 seconds 
========================================================================
Received Import Request.
  Time since last request: 0.000282 seconds.
  path: Assets/Resources/Prefabs/Egipto/LowPolyEnviroPack_LITE_builtIn/BeachArea_Set1/Prefabs/SandPlane_Large_Bumpy.prefab
  artifactKey: Guid(ffd616160ac27764082b9fc7067e1e3f) Importer(815301076,1909f56bfc062723c751e8b465ee728b)
Start importing Assets/Resources/Prefabs/Egipto/LowPolyEnviroPack_LITE_builtIn/BeachArea_Set1/Prefabs/SandPlane_Large_Bumpy.prefab using Guid(ffd616160ac27764082b9fc7067e1e3f) Importer(815301076,1909f56bfc062723c751e8b465ee728b)  -> (artifact id: 'e9f433b0ea1b4cf958bbe3f4702d04dd') in 0.037182 seconds 
========================================================================
Received Import Request.
  Time since last request: 0.000505 seconds.
  path: Assets/Resources/Prefabs/Egipto/LowPolyEnviroPack_LITE_builtIn/BeachArea_Set1/Prefabs/SandPlane_Large_Pool.prefab
  artifactKey: Guid(0f273ed94f00aa04bb9773ef3f387d72) Importer(815301076,1909f56bfc062723c751e8b465ee728b)
Start importing Assets/Resources/Prefabs/Egipto/LowPolyEnviroPack_LITE_builtIn/BeachArea_Set1/Prefabs/SandPlane_Large_Pool.prefab using Guid(0f273ed94f00aa04bb9773ef3f387d72) Importer(815301076,1909f56bfc062723c751e8b465ee728b)  -> (artifact id: '20e496f0f17bca1f24929d8487b1bc80') in 0.035649 seconds 
========================================================================
Received Import Request.
  Time since last request: 0.000485 seconds.
  path: Assets/Resources/Prefabs/Egipto/LowPolyEnviroPack_LITE_builtIn/BeachArea_Set1/Prefabs/Sand_To_Grass_Corner.prefab
  artifactKey: Guid(ce423f5a7ca0cfa4f80221b65b8abd1d) Importer(815301076,1909f56bfc062723c751e8b465ee728b)
Start importing Assets/Resources/Prefabs/Egipto/LowPolyEnviroPack_LITE_builtIn/BeachArea_Set1/Prefabs/Sand_To_Grass_Corner.prefab using Guid(ce423f5a7ca0cfa4f80221b65b8abd1d) Importer(815301076,1909f56bfc062723c751e8b465ee728b)  -> (artifact id: '58ca79691e4749213bf025b246cd7ea4') in 0.035832 seconds 
========================================================================
Received Import Request.
  Time since last request: 0.000317 seconds.
  path: Assets/Resources/Prefabs/Egipto/LowPolyEnviroPack_LITE_builtIn/BeachArea_Set1/Prefabs/Rock_Small_A.prefab
  artifactKey: Guid(5cb1b8ad9a4b0e145add46d70d0155c7) Importer(815301076,1909f56bfc062723c751e8b465ee728b)
Start importing Assets/Resources/Prefabs/Egipto/LowPolyEnviroPack_LITE_builtIn/BeachArea_Set1/Prefabs/Rock_Small_A.prefab using Guid(5cb1b8ad9a4b0e145add46d70d0155c7) Importer(815301076,1909f56bfc062723c751e8b465ee728b)  -> (artifact id: '2afaadd6f32ac34516b2c53d587bc121') in 0.038753 seconds 
========================================================================
Received Import Request.
  Time since last request: 0.000389 seconds.
  path: Assets/Resources/Prefabs/Egipto/LowPolyEnviroPack_LITE_builtIn/BeachArea_Set1/Prefabs/Sand_Plane_Bump_A.prefab
  artifactKey: Guid(0f174da1321abbe4a98efe09af62e6bd) Importer(815301076,1909f56bfc062723c751e8b465ee728b)
Start importing Assets/Resources/Prefabs/Egipto/LowPolyEnviroPack_LITE_builtIn/BeachArea_Set1/Prefabs/Sand_Plane_Bump_A.prefab using Guid(0f174da1321abbe4a98efe09af62e6bd) Importer(815301076,1909f56bfc062723c751e8b465ee728b)  -> (artifact id: 'e33411074130ffb23c93b610e82505ed') in 0.038946 seconds 
========================================================================
Received Import Request.
  Time since last request: 0.000296 seconds.
  path: Assets/Resources/Prefabs/Egipto/LowPolyEnviroPack_LITE_builtIn/BeachArea_Set1/Prefabs/SandPlane_Large_Flat.prefab
  artifactKey: Guid(6d64c57a7672b04438dd1b4dcbad1dec) Importer(815301076,1909f56bfc062723c751e8b465ee728b)
Start importing Assets/Resources/Prefabs/Egipto/LowPolyEnviroPack_LITE_builtIn/BeachArea_Set1/Prefabs/SandPlane_Large_Flat.prefab using Guid(6d64c57a7672b04438dd1b4dcbad1dec) Importer(815301076,1909f56bfc062723c751e8b465ee728b)  -> (artifact id: 'ed22421cd8e3626df9e4ad3fcde05fe2') in 0.035591 seconds 
========================================================================
Received Import Request.
  Time since last request: 0.000369 seconds.
  path: Assets/Resources/Prefabs/Egipto/LowPolyEnviroPack_LITE_builtIn/BeachArea_Set1/Prefabs/Rock_Platform_Small_GrassVariant.prefab
  artifactKey: Guid(f7b43761098f9964882fc65fc91802fb) Importer(815301076,1909f56bfc062723c751e8b465ee728b)
Start importing Assets/Resources/Prefabs/Egipto/LowPolyEnviroPack_LITE_builtIn/BeachArea_Set1/Prefabs/Rock_Platform_Small_GrassVariant.prefab using Guid(f7b43761098f9964882fc65fc91802fb) Importer(815301076,1909f56bfc062723c751e8b465ee728b)  -> (artifact id: 'c7e82dfdebb7ea56144656cd5dd8a025') in 0.038624 seconds 
========================================================================
Received Import Request.
  Time since last request: 1.751658 seconds.
  path: Assets/Resources/Prefabs/Egipto/LowPolyEnviroPack_LITE_builtIn/BeachArea_Set1/Prefabs/Rock_Boulder_A.prefab
  artifactKey: Guid(705f4b83479c7a847b0483e6bae08685) Importer(815301076,1909f56bfc062723c751e8b465ee728b)
Start importing Assets/Resources/Prefabs/Egipto/LowPolyEnviroPack_LITE_builtIn/BeachArea_Set1/Prefabs/Rock_Boulder_A.prefab using Guid(705f4b83479c7a847b0483e6bae08685) Importer(815301076,1909f56bfc062723c751e8b465ee728b)  -> (artifact id: '1e39f091b360a6a051874bc4ab3430e5') in 0.045787 seconds 
========================================================================
Received Import Request.
  Time since last request: 0.000351 seconds.
  path: Assets/Resources/Prefabs/Egipto/LowPolyEnviroPack_LITE_builtIn/BeachArea_Set1/Prefabs/Rock_Boulder_B.prefab
  artifactKey: Guid(a537cd0cd4b46ce42bc9e0e71c600424) Importer(815301076,1909f56bfc062723c751e8b465ee728b)
Start importing Assets/Resources/Prefabs/Egipto/LowPolyEnviroPack_LITE_builtIn/BeachArea_Set1/Prefabs/Rock_Boulder_B.prefab using Guid(a537cd0cd4b46ce42bc9e0e71c600424) Importer(815301076,1909f56bfc062723c751e8b465ee728b)  -> (artifact id: '755365fc072388926aa44aaaf1331866') in 0.032456 seconds 
========================================================================
Received Import Request.
  Time since last request: 0.000288 seconds.
  path: Assets/Resources/Prefabs/Egipto/LowPolyEnviroPack_LITE_builtIn/BeachArea_Set1/Prefabs/Rock_Medium_D.prefab
  artifactKey: Guid(cc59f3faa1927724295afa34257926f9) Importer(815301076,1909f56bfc062723c751e8b465ee728b)
Start importing Assets/Resources/Prefabs/Egipto/LowPolyEnviroPack_LITE_builtIn/BeachArea_Set1/Prefabs/Rock_Medium_D.prefab using Guid(cc59f3faa1927724295afa34257926f9) Importer(815301076,1909f56bfc062723c751e8b465ee728b)  -> (artifact id: 'a75487d4df41d460837e4ee1cdb508d4') in 0.032834 seconds 
========================================================================
Received Import Request.
  Time since last request: 0.000443 seconds.
  path: Assets/Resources/Prefabs/Egipto/LowPolyEnviroPack_LITE_builtIn/BeachArea_Set1/Prefabs/Rock_Medium_B.prefab
  artifactKey: Guid(120f6cb48fd75004dac1968f60ae1282) Importer(815301076,1909f56bfc062723c751e8b465ee728b)
Start importing Assets/Resources/Prefabs/Egipto/LowPolyEnviroPack_LITE_builtIn/BeachArea_Set1/Prefabs/Rock_Medium_B.prefab using Guid(120f6cb48fd75004dac1968f60ae1282) Importer(815301076,1909f56bfc062723c751e8b465ee728b)  -> (artifact id: 'b9fb2ae178e181618559b6819d6e3eb3') in 0.029710 seconds 
========================================================================
Received Import Request.
  Time since last request: 0.000313 seconds.
  path: Assets/Resources/Prefabs/Egipto/LowPolyEnviroPack_LITE_builtIn/BeachArea_Set1/Prefabs/Rock_Cave_Entry_B.prefab
  artifactKey: Guid(1c500ba592ff6da499b984c6f47d6db2) Importer(815301076,1909f56bfc062723c751e8b465ee728b)
Start importing Assets/Resources/Prefabs/Egipto/LowPolyEnviroPack_LITE_builtIn/BeachArea_Set1/Prefabs/Rock_Cave_Entry_B.prefab using Guid(1c500ba592ff6da499b984c6f47d6db2) Importer(815301076,1909f56bfc062723c751e8b465ee728b)  -> (artifact id: 'a4d9a7da9236154ba3537cb000945e40') in 0.033183 seconds 
========================================================================
Received Import Request.
  Time since last request: 0.000322 seconds.
  path: Assets/Resources/Prefabs/Egipto/LowPolyEnviroPack_LITE_builtIn/BeachArea_Set1/Prefabs/Rock_Medium_A.prefab
  artifactKey: Guid(71594090eb3d11d4c909235505df6cbd) Importer(815301076,1909f56bfc062723c751e8b465ee728b)
Start importing Assets/Resources/Prefabs/Egipto/LowPolyEnviroPack_LITE_builtIn/BeachArea_Set1/Prefabs/Rock_Medium_A.prefab using Guid(71594090eb3d11d4c909235505df6cbd) Importer(815301076,1909f56bfc062723c751e8b465ee728b)  -> (artifact id: '17f32f6698120a966a6967545bb29494') in 0.034934 seconds 
========================================================================
Received Import Request.
  Time since last request: 0.000277 seconds.
  path: Assets/Resources/Prefabs/Egipto/LowPolyEnviroPack_LITE_builtIn/BeachArea_Set1/Prefabs/Rock_Cave_Entry_A.prefab
  artifactKey: Guid(84ec68b94586a9b4697df756d70a1cf4) Importer(815301076,1909f56bfc062723c751e8b465ee728b)
Start importing Assets/Resources/Prefabs/Egipto/LowPolyEnviroPack_LITE_builtIn/BeachArea_Set1/Prefabs/Rock_Cave_Entry_A.prefab using Guid(84ec68b94586a9b4697df756d70a1cf4) Importer(815301076,1909f56bfc062723c751e8b465ee728b)  -> (artifact id: 'f1563c9ad9dce4b40459bafed6ec8d9f') in 0.033066 seconds 
========================================================================
Received Import Request.
  Time since last request: 0.000292 seconds.
  path: Assets/Resources/Prefabs/Egipto/LowPolyEnviroPack_LITE_builtIn/BeachArea_Set1/Prefabs/Rock_Medium_E.prefab
  artifactKey: Guid(d7509b3f716acc4479707fd176053311) Importer(815301076,1909f56bfc062723c751e8b465ee728b)
Start importing Assets/Resources/Prefabs/Egipto/LowPolyEnviroPack_LITE_builtIn/BeachArea_Set1/Prefabs/Rock_Medium_E.prefab using Guid(d7509b3f716acc4479707fd176053311) Importer(815301076,1909f56bfc062723c751e8b465ee728b)  -> (artifact id: 'fd03445a0f417f1dbcd4305e7748a2ee') in 0.035016 seconds 
========================================================================
Received Import Request.
  Time since last request: 0.000277 seconds.
  path: Assets/Resources/Prefabs/Egipto/LowPolyEnviroPack_LITE_builtIn/BeachArea_Set1/Prefabs/Rock_Medium_C.prefab
  artifactKey: Guid(0343ecdc741cd7a4f87563f3cb10b96e) Importer(815301076,1909f56bfc062723c751e8b465ee728b)
Start importing Assets/Resources/Prefabs/Egipto/LowPolyEnviroPack_LITE_builtIn/BeachArea_Set1/Prefabs/Rock_Medium_C.prefab using Guid(0343ecdc741cd7a4f87563f3cb10b96e) Importer(815301076,1909f56bfc062723c751e8b465ee728b)  -> (artifact id: 'b809715d624e184d88094b7f85691161') in 0.034997 seconds 
========================================================================
Received Import Request.
  Time since last request: 10.988711 seconds.
  path: Assets/Resources/Prefabs/Egipto/Props/Antorcha2 Cuerpo.prefab
  artifactKey: Guid(380cd0830f741454782490203d8de4d1) Importer(815301076,1909f56bfc062723c751e8b465ee728b)
Start importing Assets/Resources/Prefabs/Egipto/Props/Antorcha2 Cuerpo.prefab using Guid(380cd0830f741454782490203d8de4d1) Importer(815301076,1909f56bfc062723c751e8b465ee728b)  -> (artifact id: 'dd1ec4225d3eafaa32a70a8587c0cd73') in 0.032705 seconds 
========================================================================
Received Import Request.
  Time since last request: 0.000296 seconds.
  path: Assets/Resources/Prefabs/Egipto/Props/Desert_Ram_Altar 1.prefab
  artifactKey: Guid(16c7881a9024db9488486bfa53e7c333) Importer(815301076,1909f56bfc062723c751e8b465ee728b)
Start importing Assets/Resources/Prefabs/Egipto/Props/Desert_Ram_Altar 1.prefab using Guid(16c7881a9024db9488486bfa53e7c333) Importer(815301076,1909f56bfc062723c751e8b465ee728b)  -> (artifact id: '60aa3a0a913da2c1634c201cda7fc893') in 0.025990 seconds 
========================================================================
Received Import Request.
  Time since last request: 0.000288 seconds.
  path: Assets/Resources/Prefabs/Egipto/Props/Desert_Ram_Altar 1 1.prefab
  artifactKey: Guid(a220be625fa5451498314f67dcc237f0) Importer(815301076,1909f56bfc062723c751e8b465ee728b)
Start importing Assets/Resources/Prefabs/Egipto/Props/Desert_Ram_Altar 1 1.prefab using Guid(a220be625fa5451498314f67dcc237f0) Importer(815301076,1909f56bfc062723c751e8b465ee728b)  -> (artifact id: 'af608af9112dabe77c4bc2b5ffcfd152') in 0.037985 seconds 
========================================================================
Received Import Request.
  Time since last request: 0.000313 seconds.
  path: Assets/Resources/Prefabs/Egipto/Props/AntorchaPared.prefab
  artifactKey: Guid(3154fa50412c43a47b09072ee5dfefca) Importer(815301076,1909f56bfc062723c751e8b465ee728b)
Start importing Assets/Resources/Prefabs/Egipto/Props/AntorchaPared.prefab using Guid(3154fa50412c43a47b09072ee5dfefca) Importer(815301076,1909f56bfc062723c751e8b465ee728b)  -> (artifact id: 'a187c7610cc20f87bfd0794a371ed8bd') in 0.027269 seconds 
AssetImportWorkerClient::OnTransportError - code=2 error=End of file
